SF:src/investigator_agent/__init__.py
DA:11,0
DA:12,0
DA:13,0
DA:14,0
DA:15,0
DA:16,0
DA:17,0
DA:18,0
DA:19,0
DA:20,0
DA:22,0
DA:24,0
LF:12
LH:0
end_of_record
SF:src/investigator_agent/agent.py
DA:3,0
DA:5,0
DA:6,0
DA:7,0
DA:8,0
DA:9,0
DA:10,0
DA:11,0
DA:14,0
DA:17,0
DA:25,0
DA:26,0
DA:27,0
DA:28,0
DA:29,0
DA:30,0
DA:32,0
DA:44,0
DA:45,0
DA:47,0
DA:48,0
DA:49,0
DA:50,0
DA:56,0
DA:57,0
DA:58,0
DA:60,0
DA:61,0
DA:62,0
DA:63,0
DA:65,0
DA:68,0
DA:69,0
DA:70,0
DA:73,0
DA:74,0
DA:77,0
DA:78,0
DA:79,0
DA:80,0
DA:83,0
DA:84,0
DA:86,0
DA:87,0
DA:88,0
DA:91,0
DA:96,0
DA:97,0
DA:98,0
DA:99,0
DA:100,0
DA:105,0
DA:106,0
DA:111,0
DA:112,0
DA:115,0
DA:116,0
DA:117,0
DA:119,0
DA:120,0
DA:121,0
DA:123,0
DA:124,0
DA:128,0
DA:129,0
DA:130,0
DA:131,0
DA:132,0
DA:133,0
DA:134,0
DA:141,0
DA:144,0
DA:145,0
DA:146,0
DA:148,0
DA:149,0
DA:152,0
DA:153,0
DA:155,0
DA:160,0
DA:165,0
DA:166,0
DA:170,0
DA:172,0
DA:173,0
DA:174,0
DA:175,0
DA:176,0
DA:177,0
DA:179,0
DA:181,0
DA:183,0
DA:185,0
DA:186,0
LF:94
LH:0
FN:17,30,Agent.__init__
FNDA:0,Agent.__init__
FN:32,168,Agent.send_message
FNDA:0,Agent.send_message
FN:170,177,Agent.new_conversation
FNDA:0,Agent.new_conversation
FN:179,181,Agent.load_conversation
FNDA:0,Agent.load_conversation
FN:183,186,Agent.list_conversations
FNDA:0,Agent.list_conversations
FNF:5
FNH:0
end_of_record
SF:src/investigator_agent/config.py
DA:8,0
DA:9,0
DA:10,0
DA:12,0
DA:15,0
DA:16,0
DA:19,0
DA:20,0
DA:21,0
DA:22,0
DA:23,0
DA:26,0
DA:27,0
DA:30,0
DA:31,0
DA:32,0
DA:33,0
DA:34,0
DA:35,0
DA:36,0
DA:38,0
DA:39,0
DA:41,0
DA:42,0
DA:43,0
DA:45,0
LF:26
LH:0
FN:39,53,Config.from_env
FNDA:0,Config.from_env
FNF:1
FNH:0
end_of_record
SF:src/investigator_agent/context/__init__.py
DA:3,0
DA:5,0
LF:2
LH:0
end_of_record
SF:src/investigator_agent/context/manager.py
DA:3,0
DA:6,0
DA:9,0
DA:16,0
DA:18,0
DA:28,0
DA:29,0
DA:32,0
DA:33,0
DA:35,0
DA:45,0
LF:11
LH:0
FN:9,16,ContextManager.__init__
FNDA:0,ContextManager.__init__
FN:18,33,ContextManager.truncate_messages
FNDA:0,ContextManager.truncate_messages
FN:35,50,ContextManager.get_context_info
FNDA:0,ContextManager.get_context_info
FNF:3
FNH:0
end_of_record
SF:src/investigator_agent/models.py
DA:3,0
DA:5,0
DA:6,0
DA:7,0
DA:10,0
DA:11,0
DA:19,0
DA:20,0
DA:21,0
DA:23,0
DA:25,0
DA:27,0
DA:33,0
DA:34,0
DA:37,0
DA:38,0
DA:39,0
DA:40,0
DA:41,0
DA:42,0
DA:44,0
DA:46,0
DA:49,0
DA:50,0
DA:53,0
DA:54,0
DA:55,0
DA:56,0
DA:57,0
DA:58,0
DA:60,0
DA:69,0
DA:70,0
DA:72,0
DA:78,0
DA:79,0
DA:80,0
DA:89,0
DA:91,0
DA:93,0
DA:99,0
DA:100,0
DA:103,0
DA:104,0
DA:105,0
DA:106,0
DA:108,0
DA:110,0
DA:117,0
DA:118,0
DA:121,0
DA:122,0
DA:123,0
DA:124,0
DA:126,0
DA:128,0
DA:136,0
DA:137,0
DA:140,0
DA:141,0
DA:142,0
DA:143,0
DA:144,0
DA:146,0
DA:148,0
LF:65
LH:0
FN:23,25,Message.to_dict
FNDA:0,Message.to_dict
FN:27,46,Message.get_text_content
FNDA:0,Message.get_text_content
FN:60,70,Conversation.add_message
FNDA:0,Conversation.add_message
FN:72,89,Conversation.add_tool_result_message
FNDA:0,Conversation.add_tool_result_message
FN:91,93,Conversation.to_api_format
FNDA:0,Conversation.to_api_format
FN:108,114,ToolDefinition.to_anthropic_format
FNDA:0,ToolDefinition.to_anthropic_format
FN:126,133,ToolCall.to_dict
FNDA:0,ToolCall.to_dict
FN:146,154,ToolResult.to_dict
FNDA:0,ToolResult.to_dict
FNF:8
FNH:0
end_of_record
SF:src/investigator_agent/observability/__init__.py
DA:3,0
DA:4,0
DA:6,0
LF:3
LH:0
end_of_record
SF:src/investigator_agent/observability/exporter.py
DA:3,0
DA:4,0
DA:5,0
DA:7,0
DA:8,0
DA:11,0
DA:14,0
DA:16,0
DA:17,0
DA:18,0
DA:20,0
DA:22,0
DA:23,0
DA:24,0
DA:27,0
DA:28,0
DA:29,0
DA:30,0
DA:36,0
DA:51,0
DA:52,0
DA:53,0
DA:55,0
DA:56,0
DA:57,0
DA:58,0
DA:60,0
DA:62,0
DA:63,0
DA:64,0
DA:67,0
DA:68,0
DA:69,0
DA:72,0
DA:73,0
DA:75,0
DA:76,0
DA:77,0
DA:78,0
DA:79,0
DA:81,0
DA:83,0
LF:42
LH:0
FN:14,18,FileSpanExporter.__init__
FNDA:0,FileSpanExporter.__init__
FN:20,58,FileSpanExporter.export
FNDA:0,FileSpanExporter.export
FN:60,79,FileSpanExporter.force_flush
FNDA:0,FileSpanExporter.force_flush
FN:81,83,FileSpanExporter.shutdown
FNDA:0,FileSpanExporter.shutdown
FNF:4
FNH:0
end_of_record
SF:src/investigator_agent/observability/tracer.py
DA:3,0
DA:5,0
DA:6,0
DA:7,0
DA:9,0
DA:11,0
DA:12,0
DA:15,0
DA:19,0
DA:20,0
DA:21,0
DA:22,0
DA:23,0
DA:24,0
DA:27,0
DA:29,0
DA:30,0
DA:31,0
DA:34,0
DA:36,0
DA:37,0
DA:38,0
DA:39,0
DA:42,0
DA:44,0
DA:45,0
LF:26
LH:0
FN:15,24,setup_tracer
FNDA:0,setup_tracer
FN:27,31,get_tracer
FNDA:0,get_tracer
FN:34,39,get_trace_id
FNDA:0,get_trace_id
FN:42,45,flush_traces
FNDA:0,flush_traces
FNF:4
FNH:0
end_of_record
SF:src/investigator_agent/persistence/__init__.py
DA:3,0
DA:5,0
LF:2
LH:0
end_of_record
SF:src/investigator_agent/persistence/store.py
DA:3,0
DA:4,0
DA:5,0
DA:6,0
DA:8,0
DA:9,0
DA:12,0
DA:15,0
DA:17,0
DA:18,0
DA:20,0
DA:22,0
DA:23,0
DA:38,0
DA:41,0
DA:43,0
DA:50,0
DA:51,0
DA:52,0
DA:55,0
DA:56,0
DA:57,0
DA:58,0
DA:59,0
DA:63,0
DA:64,0
DA:73,0
DA:82,0
DA:84,0
DA:85,0
DA:86,0
DA:87,0
DA:90,0
DA:92,0
DA:94,0
LF:35
LH:0
FN:15,18,ConversationStore.__init__
FNDA:0,ConversationStore.__init__
FN:20,41,ConversationStore.save
FNDA:0,ConversationStore.save
FN:43,80,ConversationStore.load
FNDA:0,ConversationStore.load
FN:82,90,ConversationStore.list_conversations
FNDA:0,ConversationStore.list_conversations
FN:92,94,ConversationStore.create_conversation
FNDA:0,ConversationStore.create_conversation
FNF:5
FNH:0
end_of_record
SF:src/investigator_agent/providers/__init__.py
DA:3,0
DA:4,0
DA:6,0
LF:3
LH:0
end_of_record
SF:src/investigator_agent/providers/anthropic.py
DA:3,0
DA:4,0
DA:6,0
DA:7,0
DA:9,0
DA:10,0
DA:11,0
DA:12,0
DA:13,0
DA:16,0
DA:19,0
DA:21,0
DA:22,0
DA:23,0
DA:24,0
DA:26,0
DA:44,0
DA:45,0
DA:46,0
DA:47,0
DA:48,0
DA:49,0
DA:50,0
DA:51,0
DA:53,0
DA:55,0
DA:58,0
DA:63,0
DA:64,0
DA:65,0
DA:66,0
DA:68,0
DA:69,0
DA:71,0
DA:72,0
DA:73,0
DA:74,0
DA:77,0
DA:80,0
DA:82,0
DA:85,0
DA:89,0
DA:98,0
DA:100,0
DA:101,0
DA:102,0
DA:107,0
DA:109,0
DA:111,0
DA:120,0
DA:122,0
DA:123,0
DA:124,0
DA:126,0
LF:54
LH:0
FN:19,24,AnthropicProvider.__init__
FNDA:0,AnthropicProvider.__init__
FN:26,87,AnthropicProvider.send_message
FNDA:0,AnthropicProvider.send_message
FN:53,82,AnthropicProvider.send_message._make_api_call
FNDA:0,AnthropicProvider.send_message._make_api_call
FN:89,109,AnthropicProvider.extract_tool_calls
FNDA:0,AnthropicProvider.extract_tool_calls
FN:111,126,AnthropicProvider.get_text_content
FNDA:0,AnthropicProvider.get_text_content
FNF:5
FNH:0
end_of_record
SF:src/investigator_agent/providers/base.py
DA:3,0
DA:4,0
DA:6,0
DA:9,0
LF:4
LH:0
FN:13,32,BaseProvider.send_message
FNDA:0,BaseProvider.send_message
FN:35,45,BaseProvider.extract_tool_calls
FNDA:0,BaseProvider.extract_tool_calls
FN:48,58,BaseProvider.get_text_content
FNDA:0,BaseProvider.get_text_content
FNF:3
FNH:0
end_of_record
SF:src/investigator_agent/retry/__init__.py
DA:3,0
DA:4,0
DA:6,0
LF:3
LH:0
end_of_record
SF:src/investigator_agent/retry/strategy.py
DA:8,0
DA:9,0
DA:10,0
DA:12,0
DA:13,0
DA:15,0
DA:16,0
DA:19,0
DA:22,0
DA:38,0
DA:39,0
DA:41,0
DA:42,0
DA:44,0
DA:45,0
DA:46,0
DA:49,0
DA:50,0
DA:53,0
DA:56,0
DA:75,0
DA:76,0
DA:78,0
DA:79,0
DA:81,0
DA:82,0
DA:84,0
DA:85,0
DA:88,0
DA:91,0
DA:92,0
DA:93,0
DA:94,0
DA:95,0
DA:96,0
DA:99,0
DA:100,0
DA:101,0
DA:104,0
DA:105,0
DA:106,0
DA:109,0
DA:110,0
DA:113,0
DA:114,0
DA:116,0
DA:117,0
DA:120,0
DA:124,0
DA:125,0
DA:126,0
LF:51
LH:0
FN:22,53,is_retryable_error
FNDA:0,is_retryable_error
FN:56,126,with_retry
FNDA:0,with_retry
FNF:2
FNH:0
end_of_record
SF:src/investigator_agent/system_prompt.py
DA:3,0
LF:1
LH:0
end_of_record
SF:src/investigator_agent/tools/__init__.py
DA:3,0
DA:4,0
DA:11,0
LF:3
LH:0
end_of_record
SF:src/investigator_agent/tools/registry.py
DA:3,0
DA:4,0
DA:6,0
DA:7,0
DA:10,0
DA:13,0
DA:15,0
DA:16,0
DA:18,0
DA:34,0
DA:40,0
DA:42,0
DA:52,0
DA:53,0
DA:54,0
DA:55,0
DA:58,0
DA:59,0
DA:60,0
DA:61,0
DA:68,0
DA:73,0
DA:75,0
DA:78,0
DA:79,0
DA:81,0
DA:83,0
DA:84,0
DA:86,0
DA:93,0
DA:94,0
DA:95,0
DA:96,0
DA:98,0
DA:105,0
DA:107,0
DA:109,0
DA:116,0
DA:118,0
DA:125,0
DA:127,0
DA:129,0
DA:131,0
DA:133,0
LF:44
LH:0
FN:13,16,ToolRegistry.__init__
FNDA:0,ToolRegistry.__init__
FN:18,40,ToolRegistry.register
FNDA:0,ToolRegistry.register
FN:42,103,ToolRegistry.execute
FNDA:0,ToolRegistry.execute
FN:105,107,ToolRegistry.get_definitions
FNDA:0,ToolRegistry.get_definitions
FN:109,116,ToolRegistry.get_tool_definitions
FNDA:0,ToolRegistry.get_tool_definitions
FN:118,125,ToolRegistry.format_for_anthropic
FNDA:0,ToolRegistry.format_for_anthropic
FN:127,129,ToolRegistry.has_tool
FNDA:0,ToolRegistry.has_tool
FN:131,133,ToolRegistry.get_tool_names
FNDA:0,ToolRegistry.get_tool_names
FNF:8
FNH:0
end_of_record
SF:src/investigator_agent/tools/release_tools.py
DA:3,0
DA:4,0
DA:5,0
DA:6,0
DA:7,0
DA:11,0
DA:45,0
DA:59,0
DA:60,0
DA:65,0
DA:69,0
DA:81,0
DA:99,0
DA:100,0
DA:101,0
DA:106,0
DA:107,0
DA:116,0
DA:117,0
DA:119,0
DA:120,0
DA:121,0
DA:123,0
DA:127,0
LF:24
LH:0
FN:45,65,get_release_summary
FNDA:0,get_release_summary
FN:81,123,file_risk_report
FNDA:0,file_risk_report
FNF:2
FNH:0
end_of_record
