SF:src/investigator_agent/__init__.py
DA:11,1
DA:12,1
DA:13,1
DA:14,1
DA:22,1
DA:23,1
DA:24,1
DA:25,1
DA:26,1
DA:27,1
DA:29,1
DA:31,1
LF:12
LH:12
end_of_record
SF:src/investigator_agent/agent.py
DA:3,1
DA:5,1
DA:7,1
DA:8,1
DA:9,1
DA:10,1
DA:11,1
DA:12,1
DA:13,1
DA:14,1
DA:15,1
DA:21,1
DA:24,1
DA:41,0
DA:42,0
DA:43,0
DA:44,0
DA:45,0
DA:46,0
DA:47,0
DA:48,0
DA:50,1
DA:62,0
DA:63,0
DA:65,0
DA:66,0
DA:67,0
DA:68,0
DA:74,0
DA:75,0
DA:76,0
DA:78,0
DA:79,0
DA:80,0
DA:81,0
DA:83,0
DA:86,0
DA:87,0
DA:88,0
DA:91,0
DA:92,0
DA:95,0
DA:96,0
DA:97,0
DA:98,0
DA:101,0
DA:102,0
DA:104,0
DA:105,0
DA:106,0
DA:109,0
DA:114,0
DA:115,0
DA:116,0
DA:117,0
DA:118,0
DA:123,0
DA:124,0
DA:129,0
DA:130,0
DA:133,0
DA:134,0
DA:135,0
DA:137,0
DA:138,0
DA:139,0
DA:141,0
DA:142,0
DA:146,0
DA:147,0
DA:148,0
DA:149,0
DA:150,0
DA:151,0
DA:152,0
DA:159,0
DA:162,0
DA:163,0
DA:164,0
DA:166,0
DA:167,0
DA:170,0
DA:173,0
DA:174,0
DA:176,0
DA:178,0
DA:181,0
DA:184,0
DA:191,0
DA:199,0
DA:202,0
DA:206,0
DA:207,0
DA:208,0
DA:210,0
DA:212,0
DA:217,0
DA:222,0
DA:223,0
DA:227,1
DA:229,0
DA:230,0
DA:231,0
DA:232,0
DA:233,0
DA:234,0
DA:236,1
DA:238,0
DA:240,1
DA:242,0
DA:243,0
DA:245,1
DA:255,0
DA:256,0
DA:258,0
DA:259,0
DA:260,0
DA:262,0
DA:263,0
DA:264,0
DA:266,0
DA:267,0
DA:270,0
DA:271,0
DA:272,0
DA:280,0
DA:282,0
DA:284,0
DA:285,0
DA:286,0
LF:130
LH:18
FN:24,48,Agent.__init__
FNDA:0,Agent.__init__
FN:50,225,Agent.send_message
FNDA:0,Agent.send_message
FN:227,234,Agent.new_conversation
FNDA:0,Agent.new_conversation
FN:236,238,Agent.load_conversation
FNDA:0,Agent.load_conversation
FN:240,243,Agent.list_conversations
FNDA:0,Agent.list_conversations
FN:245,286,Agent.retrieve_relevant_memories
FNDA:0,Agent.retrieve_relevant_memories
FNF:6
FNH:0
end_of_record
SF:src/investigator_agent/config.py
DA:8,1
DA:9,1
DA:10,1
DA:12,1
DA:15,1
DA:16,1
DA:19,1
DA:20,1
DA:21,1
DA:22,1
DA:23,1
DA:26,1
DA:27,1
DA:30,1
DA:31,1
DA:32,1
DA:33,1
DA:34,1
DA:35,1
DA:36,1
DA:38,1
DA:39,1
DA:41,0
DA:42,0
DA:43,0
DA:45,0
LF:26
LH:22
FN:39,53,Config.from_env
FNDA:0,Config.from_env
FNF:1
FNH:0
end_of_record
SF:src/investigator_agent/context/__init__.py
DA:3,1
DA:4,1
DA:5,1
DA:12,1
LF:4
LH:4
end_of_record
SF:src/investigator_agent/context/manager.py
DA:3,1
DA:6,1
DA:9,1
DA:16,0
DA:18,1
DA:28,0
DA:29,0
DA:32,0
DA:33,0
DA:35,1
DA:45,0
LF:11
LH:5
FN:9,16,ContextManager.__init__
FNDA:0,ContextManager.__init__
FN:18,33,ContextManager.truncate_messages
FNDA:0,ContextManager.truncate_messages
FN:35,50,ContextManager.get_context_info
FNDA:0,ContextManager.get_context_info
FNF:3
FNH:0
end_of_record
SF:src/investigator_agent/context/subconversation.py
DA:3,1
DA:4,1
DA:6,1
DA:7,1
DA:8,1
DA:14,1
DA:16,0
DA:17,0
DA:18,0
DA:20,0
DA:22,0
DA:25,1
DA:33,1
DA:39,0
DA:41,1
DA:63,0
DA:71,0
DA:77,0
DA:87,0
DA:94,0
DA:97,0
DA:100,0
DA:101,0
DA:103,0
DA:105,1
DA:117,0
DA:119,0
DA:126,0
DA:132,0
DA:134,1
DA:136,0
DA:148,1
DA:158,0
DA:159,0
DA:163,0
LF:35
LH:12
FN:14,22,_get_tracer
FNDA:0,_get_tracer
FN:33,39,SubConversationManager.__init__
FNDA:0,SubConversationManager.__init__
FN:41,103,SubConversationManager.analyze_in_subconversation
FNDA:0,SubConversationManager.analyze_in_subconversation
FN:105,132,SubConversationManager._summarize_analysis
FNDA:0,SubConversationManager._summarize_analysis
FN:134,146,SubConversationManager._build_analysis_system_prompt
FNDA:0,SubConversationManager._build_analysis_system_prompt
FN:148,179,SubConversationManager._build_summarization_prompt
FNDA:0,SubConversationManager._build_summarization_prompt
FNF:6
FNH:0
end_of_record
SF:src/investigator_agent/context/tokens.py
DA:7,1
DA:10,1
DA:13,1
DA:14,1
DA:17,1
DA:29,0
DA:32,1
DA:41,0
DA:43,0
DA:45,0
DA:48,0
DA:49,0
DA:50,0
DA:51,0
DA:53,0
DA:54,0
DA:56,0
DA:57,0
DA:59,0
DA:60,0
DA:61,0
DA:63,0
DA:64,0
DA:67,0
DA:69,0
DA:72,1
DA:84,0
DA:87,1
DA:99,0
DA:101,0
LF:30
LH:8
FN:17,29,count_tokens
FNDA:0,count_tokens
FN:32,69,count_message_tokens
FNDA:0,count_message_tokens
FN:72,84,should_create_subconversation
FNDA:0,should_create_subconversation
FN:87,107,estimate_context_usage
FNDA:0,estimate_context_usage
FNF:4
FNH:0
end_of_record
SF:src/investigator_agent/evaluations/__init__.py
DA:3,0
DA:9,0
DA:11,0
LF:3
LH:0
end_of_record
SF:src/investigator_agent/evaluations/evaluator.py
DA:6,0
DA:7,0
DA:8,0
DA:9,0
DA:10,0
DA:12,0
DA:13,0
DA:14,0
DA:17,0
DA:18,0
DA:21,0
DA:22,0
DA:23,0
DA:24,0
DA:25,0
DA:26,0
DA:29,0
DA:30,0
DA:33,0
DA:34,0
DA:35,0
DA:36,0
DA:37,0
DA:38,0
DA:39,0
DA:42,0
DA:43,0
DA:46,0
DA:47,0
DA:48,0
DA:49,0
DA:50,0
DA:53,0
DA:56,0
DA:62,0
DA:64,0
DA:76,0
DA:78,0
DA:80,0
DA:83,0
DA:86,0
DA:89,0
DA:90,0
DA:91,0
DA:94,0
DA:102,0
DA:104,0
DA:112,0
DA:121,0
DA:123,0
DA:131,0
DA:132,0
DA:133,0
DA:148,0
DA:162,0
DA:163,0
DA:164,0
DA:167,0
DA:168,0
DA:171,0
DA:172,0
DA:173,0
DA:175,0
DA:177,0
DA:189,0
DA:190,0
DA:192,0
DA:193,0
DA:195,0
DA:196,0
DA:198,0
DA:201,0
DA:202,0
DA:205,0
DA:208,0
DA:209,0
DA:211,0
DA:212,0
DA:214,0
DA:226,0
DA:227,0
DA:230,0
DA:231,0
DA:232,0
DA:233,0
DA:234,0
DA:237,0
DA:242,0
DA:244,0
DA:245,0
DA:246,0
DA:248,0
DA:250,0
DA:262,0
DA:263,0
DA:266,0
DA:267,0
DA:270,0
DA:272,0
DA:274,0
DA:275,0
DA:276,0
DA:277,0
DA:278,0
DA:279,0
DA:280,0
DA:282,0
DA:284,0
DA:287,0
DA:288,0
DA:289,0
DA:290,0
DA:291,0
DA:292,0
DA:295,0
DA:297,0
DA:298,0
DA:299,0
DA:300,0
DA:302,0
DA:304,0
DA:306,0
DA:307,0
DA:310,0
DA:311,0
DA:312,0
DA:313,0
DA:315,0
DA:317,0
DA:329,0
DA:331,0
DA:332,0
DA:333,0
DA:334,0
DA:337,0
DA:338,0
DA:339,0
DA:342,0
DA:343,0
DA:344,0
DA:345,0
DA:346,0
DA:347,0
DA:349,0
DA:351,0
DA:360,0
DA:367,0
DA:368,0
DA:370,0
DA:372,0
DA:382,0
DA:383,0
DA:385,0
DA:394,0
DA:396,0
DA:397,0
DA:399,0
DA:400,0
DA:402,0
DA:415,0
DA:416,0
DA:419,0
DA:420,0
DA:421,0
DA:422,0
DA:423,0
DA:426,0
DA:427,0
DA:428,0
DA:429,0
DA:430,0
DA:431,0
DA:434,0
DA:435,0
DA:436,0
DA:437,0
DA:438,0
DA:439,0
DA:442,0
DA:443,0
DA:444,0
DA:445,0
DA:447,0
DA:449,0
LF:184
LH:0
FN:56,62,InvestigatorEvaluator.__init__
FNDA:0,InvestigatorEvaluator.__init__
FN:64,146,InvestigatorEvaluator.run_scenario
FNDA:0,InvestigatorEvaluator.run_scenario
FN:148,175,InvestigatorEvaluator._eval_feature_identification
FNDA:0,InvestigatorEvaluator._eval_feature_identification
FN:177,212,InvestigatorEvaluator._eval_tool_usage
FNDA:0,InvestigatorEvaluator._eval_tool_usage
FN:214,248,InvestigatorEvaluator._eval_decision_quality
FNDA:0,InvestigatorEvaluator._eval_decision_quality
FN:250,270,InvestigatorEvaluator._eval_context_management
FNDA:0,InvestigatorEvaluator._eval_context_management
FN:272,280,InvestigatorEvaluator._extract_tool_calls
FNDA:0,InvestigatorEvaluator._extract_tool_calls
FN:282,302,InvestigatorEvaluator._extract_decision
FNDA:0,InvestigatorEvaluator._extract_decision
FN:304,315,InvestigatorEvaluator._is_adjacent_decision
FNDA:0,InvestigatorEvaluator._is_adjacent_decision
FN:317,358,InvestigatorEvaluator.run_suite
FNDA:0,InvestigatorEvaluator.run_suite
FN:360,383,InvestigatorEvaluator.save_baseline
FNDA:0,InvestigatorEvaluator.save_baseline
FN:385,400,InvestigatorEvaluator.load_baseline
FNDA:0,InvestigatorEvaluator.load_baseline
FN:402,455,InvestigatorEvaluator.compare_to_baseline
FNDA:0,InvestigatorEvaluator.compare_to_baseline
FNF:13
FNH:0
end_of_record
SF:src/investigator_agent/evaluations/scenarios.py
DA:10,0
DA:11,0
DA:14,0
DA:15,0
DA:18,0
DA:19,0
DA:20,0
DA:21,0
DA:22,0
DA:23,0
DA:24,0
DA:25,0
DA:26,0
DA:27,0
DA:31,0
DA:53,0
DA:75,0
DA:96,0
DA:117,0
DA:136,0
DA:155,0
DA:175,0
DA:195,0
LF:23
LH:0
end_of_record
SF:src/investigator_agent/mcp/__init__.py
DA:15,0
DA:16,0
DA:24,0
LF:3
LH:0
end_of_record
SF:src/investigator_agent/mcp/client.py
DA:15,0
DA:16,0
DA:18,0
DA:19,0
DA:20,0
DA:21,0
DA:23,0
DA:24,0
DA:26,0
DA:29,0
DA:42,0
DA:57,0
DA:58,0
DA:59,0
DA:60,0
DA:61,0
DA:62,0
DA:63,0
DA:65,0
DA:67,0
DA:68,0
DA:69,0
DA:71,0
DA:72,0
DA:73,0
DA:74,0
DA:76,0
DA:79,0
DA:80,0
DA:81,0
DA:82,0
DA:83,0
DA:85,0
DA:86,0
DA:87,0
DA:89,0
DA:92,0
DA:97,0
DA:98,0
DA:99,0
DA:100,0
DA:101,0
DA:104,0
DA:106,0
DA:107,0
DA:108,0
DA:110,0
DA:112,0
DA:113,0
DA:115,0
DA:117,0
DA:120,0
DA:122,0
DA:123,0
DA:124,0
DA:126,0
DA:127,0
DA:128,0
DA:130,0
DA:140,0
DA:141,0
DA:143,0
DA:144,0
DA:146,0
DA:147,0
DA:148,0
DA:151,0
DA:154,0
DA:155,0
DA:156,0
DA:157,0
DA:159,0
DA:160,0
DA:162,0
DA:164,0
DA:165,0
DA:166,0
DA:168,0
DA:170,0
DA:172,0
DA:173,0
DA:174,0
DA:176,0
DA:178,0
DA:181,0
DA:205,0
DA:211,0
DA:212,0
DA:214,0
DA:230,0
DA:231,0
DA:233,0
DA:235,0
DA:237,0
DA:238,0
DA:239,0
DA:242,0
DA:245,0
DA:252,0
DA:255,0
DA:263,0
DA:265,0
DA:266,0
DA:268,0
DA:269,0
DA:271,0
DA:273,0
DA:274,0
DA:275,0
DA:276,0
DA:280,0
DA:302,0
DA:304,0
DA:305,0
DA:306,0
DA:307,0
DA:308,0
DA:310,0
DA:311,0
DA:312,0
DA:313,0
DA:314,0
DA:316,0
LF:123
LH:0
FN:42,63,MCPClient.__init__
FNDA:0,MCPClient.__init__
FN:65,108,MCPClient.connect
FNDA:0,MCPClient.connect
FN:110,128,MCPClient._discover_tools
FNDA:0,MCPClient._discover_tools
FN:130,166,MCPClient.call_tool
FNDA:0,MCPClient.call_tool
FN:168,174,MCPClient.disconnect
FNDA:0,MCPClient.disconnect
FN:176,178,MCPClient.is_connected
FNDA:0,MCPClient.is_connected
FN:205,212,MCPToolAdapter.__init__
FNDA:0,MCPToolAdapter.__init__
FN:214,269,MCPToolAdapter.register_mcp_server
FNDA:0,MCPToolAdapter.register_mcp_server
FN:245,252,MCPToolAdapter.register_mcp_server.proxy_function
FNDA:0,MCPToolAdapter.register_mcp_server.proxy_function
FN:271,276,MCPToolAdapter.disconnect_all
FNDA:0,MCPToolAdapter.disconnect_all
FN:280,316,setup_mcp_tools
FNDA:0,setup_mcp_tools
FNF:11
FNH:0
end_of_record
SF:src/investigator_agent/mcp/config.py
DA:36,0
DA:37,0
DA:38,0
DA:39,0
DA:41,0
DA:44,0
DA:47,0
DA:50,0
DA:51,0
DA:52,0
DA:55,0
DA:58,0
DA:59,0
DA:60,0
DA:61,0
DA:64,0
DA:65,0
DA:80,0
DA:81,0
DA:82,0
DA:83,0
DA:84,0
DA:85,0
DA:86,0
DA:87,0
DA:88,0
DA:90,0
DA:91,0
DA:104,0
DA:119,0
DA:125,0
DA:126,0
DA:128,0
DA:129,0
DA:130,0
DA:133,0
DA:134,0
DA:135,0
DA:140,0
DA:141,0
DA:153,0
DA:154,0
DA:155,0
DA:157,0
DA:158,0
DA:176,0
DA:177,0
DA:181,0
DA:184,0
DA:185,0
DA:186,0
DA:187,0
DA:188,0
DA:191,0
DA:192,0
DA:193,0
DA:194,0
DA:196,0
DA:202,0
DA:203,0
DA:213,0
DA:233,0
DA:234,0
DA:244,0
DA:254,0
DA:255,0
DA:262,0
DA:268,0
DA:274,0
DA:275,0
DA:277,0
DA:278,0
DA:281,0
DA:282,0
DA:283,0
DA:286,0
DA:287,0
DA:288,0
DA:292,0
DA:293,0
DA:295,0
DA:297,0
DA:298,0
DA:300,0
DA:302,0
DA:311,0
DA:313,0
DA:319,0
DA:323,0
DA:326,0
DA:337,0
DA:338,0
DA:340,0
LF:93
LH:0
FN:91,117,MCPServerConfig.from_env
FNDA:0,MCPServerConfig.from_env
FN:119,137,MCPServerConfig.validate
FNDA:0,MCPServerConfig.validate
FN:158,200,MCPConfig.from_env
FNDA:0,MCPConfig.from_env
FN:203,231,MCPConfig.default_local
FNDA:0,MCPConfig.default_local
FN:234,266,MCPConfig.production
FNDA:0,MCPConfig.production
FN:268,290,MCPConfig.validate
FNDA:0,MCPConfig.validate
FN:293,295,MCPConfig.chroma
FNDA:0,MCPConfig.chroma
FN:298,300,MCPConfig.graphiti
FNDA:0,MCPConfig.graphiti
FN:302,311,MCPConfig.get_server
FNDA:0,MCPConfig.get_server
FN:313,319,MCPConfig.enabled_servers
FNDA:0,MCPConfig.enabled_servers
FN:326,340,get_mcp_config
FNDA:0,get_mcp_config
FNF:11
FNH:0
end_of_record
SF:src/investigator_agent/memory/__init__.py
DA:3,0
DA:4,0
DA:6,0
LF:3
LH:0
end_of_record
SF:src/investigator_agent/memory/file_store.py
DA:7,0
DA:8,0
DA:10,0
DA:13,0
DA:16,0
DA:22,0
DA:23,0
DA:24,0
DA:27,0
DA:29,0
DA:31,0
DA:32,0
DA:33,0
DA:35,0
DA:36,0
DA:38,0
DA:40,0
DA:41,0
DA:43,0
DA:52,0
DA:54,0
DA:64,0
DA:65,0
DA:66,0
DA:69,0
DA:70,0
DA:71,0
DA:80,0
DA:81,0
DA:83,0
DA:85,0
DA:103,0
DA:105,0
DA:107,0
DA:108,0
DA:109,0
DA:110,0
DA:113,0
DA:114,0
DA:115,0
DA:118,0
DA:119,0
DA:120,0
DA:121,0
DA:123,0
DA:126,0
DA:127,0
DA:129,0
DA:131,0
DA:140,0
DA:141,0
DA:142,0
DA:144,0
DA:145,0
DA:146,0
DA:148,0
DA:157,0
DA:158,0
DA:160,0
DA:161,0
DA:162,0
DA:163,0
DA:164,0
DA:166,0
DA:167,0
DA:169,0
DA:171,0
DA:180,0
DA:181,0
DA:182,0
DA:185,0
DA:188,0
DA:189,0
DA:191,0
DA:193,0
DA:199,0
DA:202,0
DA:203,0
DA:204,0
DA:205,0
DA:208,0
DA:209,0
DA:211,0
LF:83
LH:0
FN:16,27,FileMemoryStore.__init__
FNDA:0,FileMemoryStore.__init__
FN:29,36,FileMemoryStore._load_index
FNDA:0,FileMemoryStore._load_index
FN:38,41,FileMemoryStore._save_index
FNDA:0,FileMemoryStore._save_index
FN:43,52,FileMemoryStore._get_memory_file
FNDA:0,FileMemoryStore._get_memory_file
FN:54,83,FileMemoryStore.store
FNDA:0,FileMemoryStore.store
FN:85,129,FileMemoryStore.retrieve
FNDA:0,FileMemoryStore.retrieve
FN:131,146,FileMemoryStore.retrieve_by_id
FNDA:0,FileMemoryStore.retrieve_by_id
FN:148,169,FileMemoryStore.list_all
FNDA:0,FileMemoryStore.list_all
FN:171,191,FileMemoryStore.delete
FNDA:0,FileMemoryStore.delete
FN:193,211,FileMemoryStore.clear_all
FNDA:0,FileMemoryStore.clear_all
FNF:10
FNH:0
end_of_record
SF:src/investigator_agent/memory/mcp_store.py
DA:14,0
DA:15,0
DA:16,0
DA:17,0
DA:19,0
DA:24,0
DA:27,0
DA:48,0
DA:55,0
DA:56,0
DA:57,0
DA:59,0
DA:61,0
DA:62,0
DA:64,0
DA:66,0
DA:76,0
DA:77,0
DA:79,0
DA:81,0
DA:82,0
DA:84,0
DA:93,0
DA:94,0
DA:96,0
DA:98,0
DA:108,0
DA:126,0
DA:127,0
DA:129,0
DA:130,0
DA:131,0
DA:133,0
DA:151,0
DA:152,0
DA:154,0
DA:156,0
DA:157,0
DA:158,0
DA:159,0
DA:160,0
DA:163,0
DA:165,0
DA:176,0
DA:187,0
DA:191,0
DA:193,0
DA:194,0
DA:195,0
DA:197,0
DA:206,0
DA:207,0
DA:209,0
DA:210,0
DA:217,0
DA:219,0
DA:220,0
DA:221,0
DA:223,0
DA:229,0
DA:231,0
DA:240,0
DA:241,0
DA:243,0
DA:244,0
DA:248,0
DA:249,0
DA:251,0
DA:252,0
DA:253,0
DA:255,0
DA:261,0
DA:262,0
DA:264,0
DA:266,0
DA:269,0
DA:270,0
DA:271,0
DA:272,0
DA:274,0
DA:275,0
DA:276,0
DA:279,0
DA:303,0
DA:309,0
DA:311,0
DA:322,0
DA:324,0
DA:339,0
DA:353,0
DA:354,0
DA:356,0
DA:357,0
DA:358,0
DA:360,0
DA:378,0
DA:380,0
DA:382,0
DA:393,0
DA:394,0
DA:396,0
DA:397,0
DA:398,0
DA:400,0
DA:410,0
DA:412,0
DA:418,0
DA:420,0
DA:429,0
DA:430,0
DA:433,0
DA:434,0
DA:436,0
DA:437,0
DA:438,0
DA:440,0
DA:447,0
DA:448,0
LF:118
LH:0
FN:48,57,MCPChromaMemoryStore.__init__
FNDA:0,MCPChromaMemoryStore.__init__
FN:59,82,MCPChromaMemoryStore.initialize
FNDA:0,MCPChromaMemoryStore.initialize
FN:84,131,MCPChromaMemoryStore.store
FNDA:0,MCPChromaMemoryStore.store
FN:133,195,MCPChromaMemoryStore.retrieve
FNDA:0,MCPChromaMemoryStore.retrieve
FN:197,221,MCPChromaMemoryStore.retrieve_by_id
FNDA:0,MCPChromaMemoryStore.retrieve_by_id
FN:223,229,MCPChromaMemoryStore.list_all
FNDA:0,MCPChromaMemoryStore.list_all
FN:231,253,MCPChromaMemoryStore.delete
FNDA:0,MCPChromaMemoryStore.delete
FN:255,276,MCPChromaMemoryStore.clear_all
FNDA:0,MCPChromaMemoryStore.clear_all
FN:303,309,MCPGraphitiMemoryStore.__init__
FNDA:0,MCPGraphitiMemoryStore.__init__
FN:311,358,MCPGraphitiMemoryStore.store
FNDA:0,MCPGraphitiMemoryStore.store
FN:360,398,MCPGraphitiMemoryStore.retrieve
FNDA:0,MCPGraphitiMemoryStore.retrieve
FN:400,410,MCPGraphitiMemoryStore.retrieve_by_id
FNDA:0,MCPGraphitiMemoryStore.retrieve_by_id
FN:412,418,MCPGraphitiMemoryStore.list_all
FNDA:0,MCPGraphitiMemoryStore.list_all
FN:420,438,MCPGraphitiMemoryStore.delete
FNDA:0,MCPGraphitiMemoryStore.delete
FN:440,448,MCPGraphitiMemoryStore.clear_all
FNDA:0,MCPGraphitiMemoryStore.clear_all
FNF:15
FNH:0
end_of_record
SF:src/investigator_agent/memory/protocol.py
DA:7,0
DA:8,0
DA:11,0
DA:14,0
DA:35,0
DA:36,0
DA:37,0
DA:38,0
DA:39,0
DA:40,0
DA:41,0
DA:43,0
DA:45,0
DA:55,0
DA:56,0
DA:58,0
DA:69,0
DA:72,0
DA:81,0
DA:83,0
DA:101,0
DA:103,0
DA:112,0
DA:114,0
DA:123,0
DA:125,0
DA:134,0
DA:136,0
DA:142,0
LF:29
LH:0
FN:14,41,Memory.__init__
FNDA:0,Memory.__init__
FN:43,53,Memory.to_dict
FNDA:0,Memory.to_dict
FN:56,66,Memory.from_dict
FNDA:0,Memory.from_dict
FN:72,81,MemoryStore.store
FNDA:0,MemoryStore.store
FN:83,101,MemoryStore.retrieve
FNDA:0,MemoryStore.retrieve
FN:103,112,MemoryStore.retrieve_by_id
FNDA:0,MemoryStore.retrieve_by_id
FN:114,123,MemoryStore.list_all
FNDA:0,MemoryStore.list_all
FN:125,134,MemoryStore.delete
FNDA:0,MemoryStore.delete
FN:136,142,MemoryStore.clear_all
FNDA:0,MemoryStore.clear_all
FNF:9
FNH:0
end_of_record
SF:src/investigator_agent/models.py
DA:3,1
DA:5,1
DA:6,1
DA:7,1
DA:10,1
DA:11,1
DA:19,1
DA:20,1
DA:21,1
DA:23,1
DA:25,0
DA:27,1
DA:33,0
DA:34,0
DA:37,0
DA:38,0
DA:39,0
DA:40,0
DA:41,0
DA:42,0
DA:44,0
DA:46,0
DA:49,1
DA:50,1
DA:58,1
DA:59,1
DA:60,1
DA:61,1
DA:62,1
DA:63,1
DA:64,1
DA:65,1
DA:66,1
DA:68,1
DA:77,0
DA:79,1
DA:81,0
DA:83,1
DA:89,0
DA:90,0
DA:93,1
DA:94,1
DA:97,1
DA:98,1
DA:99,1
DA:100,1
DA:101,1
DA:102,1
DA:103,1
DA:107,1
DA:116,0
DA:117,0
DA:119,1
DA:125,0
DA:126,0
DA:127,0
DA:136,0
DA:138,1
DA:140,0
DA:146,1
DA:147,1
DA:150,1
DA:151,1
DA:152,1
DA:153,1
DA:155,1
DA:157,0
DA:164,1
DA:165,1
DA:168,1
DA:169,1
DA:170,1
DA:171,1
DA:173,1
DA:175,0
DA:183,1
DA:184,1
DA:187,1
DA:188,1
DA:189,1
DA:190,1
DA:191,1
DA:193,1
DA:195,0
LF:84
LH:59
FN:23,25,Message.to_dict
FNDA:0,Message.to_dict
FN:27,46,Message.get_text_content
FNDA:0,Message.get_text_content
FN:68,77,SubConversation.add_message
FNDA:0,SubConversation.add_message
FN:79,81,SubConversation.to_api_format
FNDA:0,SubConversation.to_api_format
FN:83,90,SubConversation.complete
FNDA:0,SubConversation.complete
FN:107,117,Conversation.add_message
FNDA:0,Conversation.add_message
FN:119,136,Conversation.add_tool_result_message
FNDA:0,Conversation.add_tool_result_message
FN:138,140,Conversation.to_api_format
FNDA:0,Conversation.to_api_format
FN:155,161,ToolDefinition.to_anthropic_format
FNDA:0,ToolDefinition.to_anthropic_format
FN:173,180,ToolCall.to_dict
FNDA:0,ToolCall.to_dict
FN:193,201,ToolResult.to_dict
FNDA:0,ToolResult.to_dict
FNF:11
FNH:0
end_of_record
SF:src/investigator_agent/observability/__init__.py
DA:3,1
DA:4,1
DA:6,1
LF:3
LH:3
end_of_record
SF:src/investigator_agent/observability/exporter.py
DA:3,1
DA:4,1
DA:5,1
DA:7,1
DA:8,1
DA:11,1
DA:14,1
DA:16,0
DA:17,0
DA:18,0
DA:20,1
DA:22,0
DA:23,0
DA:24,0
DA:27,0
DA:28,0
DA:29,0
DA:30,0
DA:36,0
DA:51,0
DA:52,0
DA:53,0
DA:55,0
DA:56,0
DA:57,0
DA:58,0
DA:60,1
DA:62,0
DA:63,0
DA:64,0
DA:67,0
DA:68,0
DA:69,0
DA:72,0
DA:73,0
DA:75,0
DA:76,0
DA:77,0
DA:78,0
DA:79,0
DA:81,1
DA:83,0
LF:42
LH:10
FN:14,18,FileSpanExporter.__init__
FNDA:0,FileSpanExporter.__init__
FN:20,58,FileSpanExporter.export
FNDA:0,FileSpanExporter.export
FN:60,79,FileSpanExporter.force_flush
FNDA:0,FileSpanExporter.force_flush
FN:81,83,FileSpanExporter.shutdown
FNDA:0,FileSpanExporter.shutdown
FNF:4
FNH:0
end_of_record
SF:src/investigator_agent/observability/tracer.py
DA:3,1
DA:5,1
DA:6,1
DA:7,1
DA:9,1
DA:11,1
DA:12,1
DA:15,1
DA:19,0
DA:20,0
DA:21,0
DA:22,0
DA:23,0
DA:24,0
DA:27,1
DA:29,0
DA:30,0
DA:31,0
DA:34,1
DA:36,0
DA:37,0
DA:38,0
DA:39,0
DA:42,1
DA:44,0
DA:45,0
LF:26
LH:11
FN:15,24,setup_tracer
FNDA:0,setup_tracer
FN:27,31,get_tracer
FNDA:0,get_tracer
FN:34,39,get_trace_id
FNDA:0,get_trace_id
FN:42,45,flush_traces
FNDA:0,flush_traces
FNF:4
FNH:0
end_of_record
SF:src/investigator_agent/persistence/__init__.py
DA:3,1
DA:5,1
LF:2
LH:2
end_of_record
SF:src/investigator_agent/persistence/store.py
DA:3,1
DA:4,1
DA:5,1
DA:6,1
DA:8,1
DA:9,1
DA:12,1
DA:15,1
DA:17,0
DA:18,0
DA:20,1
DA:22,0
DA:23,0
DA:38,0
DA:41,0
DA:43,1
DA:50,0
DA:51,0
DA:52,0
DA:55,0
DA:56,0
DA:57,0
DA:58,0
DA:59,0
DA:63,0
DA:64,0
DA:73,0
DA:82,1
DA:84,0
DA:85,0
DA:86,0
DA:87,0
DA:90,0
DA:92,1
DA:94,0
LF:35
LH:12
FN:15,18,ConversationStore.__init__
FNDA:0,ConversationStore.__init__
FN:20,41,ConversationStore.save
FNDA:0,ConversationStore.save
FN:43,80,ConversationStore.load
FNDA:0,ConversationStore.load
FN:82,90,ConversationStore.list_conversations
FNDA:0,ConversationStore.list_conversations
FN:92,94,ConversationStore.create_conversation
FNDA:0,ConversationStore.create_conversation
FNF:5
FNH:0
end_of_record
SF:src/investigator_agent/providers/__init__.py
DA:3,1
DA:4,1
DA:6,1
LF:3
LH:3
end_of_record
SF:src/investigator_agent/providers/anthropic.py
DA:3,1
DA:4,1
DA:6,1
DA:7,1
DA:9,1
DA:10,1
DA:11,1
DA:12,1
DA:13,1
DA:16,1
DA:19,1
DA:21,0
DA:22,0
DA:23,0
DA:24,0
DA:26,1
DA:44,0
DA:45,0
DA:46,0
DA:47,0
DA:48,0
DA:49,0
DA:50,0
DA:51,0
DA:53,0
DA:55,0
DA:58,0
DA:63,0
DA:64,0
DA:65,0
DA:66,0
DA:68,0
DA:69,0
DA:71,0
DA:72,0
DA:73,0
DA:74,0
DA:77,0
DA:80,0
DA:82,0
DA:85,0
DA:89,1
DA:98,0
DA:100,0
DA:101,0
DA:102,0
DA:107,0
DA:109,0
DA:111,1
DA:120,0
DA:122,0
DA:123,0
DA:124,0
DA:126,0
LF:54
LH:14
FN:19,24,AnthropicProvider.__init__
FNDA:0,AnthropicProvider.__init__
FN:26,87,AnthropicProvider.send_message
FNDA:0,AnthropicProvider.send_message
FN:53,82,AnthropicProvider.send_message._make_api_call
FNDA:0,AnthropicProvider.send_message._make_api_call
FN:89,109,AnthropicProvider.extract_tool_calls
FNDA:0,AnthropicProvider.extract_tool_calls
FN:111,126,AnthropicProvider.get_text_content
FNDA:0,AnthropicProvider.get_text_content
FNF:5
FNH:0
end_of_record
SF:src/investigator_agent/providers/base.py
DA:3,1
DA:4,1
DA:6,1
DA:9,1
LF:4
LH:4
FN:13,32,BaseProvider.send_message
FNDA:0,BaseProvider.send_message
FN:35,45,BaseProvider.extract_tool_calls
FNDA:0,BaseProvider.extract_tool_calls
FN:48,58,BaseProvider.get_text_content
FNDA:0,BaseProvider.get_text_content
FNF:3
FNH:0
end_of_record
SF:src/investigator_agent/retry/__init__.py
DA:3,1
DA:4,1
DA:6,1
LF:3
LH:3
end_of_record
SF:src/investigator_agent/retry/strategy.py
DA:8,1
DA:9,1
DA:10,1
DA:12,1
DA:13,1
DA:15,1
DA:16,1
DA:19,1
DA:22,1
DA:38,0
DA:39,0
DA:41,0
DA:42,0
DA:44,0
DA:45,0
DA:46,0
DA:49,0
DA:50,0
DA:53,0
DA:56,1
DA:75,0
DA:76,0
DA:78,0
DA:79,0
DA:81,0
DA:82,0
DA:84,0
DA:85,0
DA:88,0
DA:91,0
DA:92,0
DA:93,0
DA:94,0
DA:95,0
DA:96,0
DA:99,0
DA:100,0
DA:101,0
DA:104,0
DA:105,0
DA:106,0
DA:109,0
DA:110,0
DA:113,0
DA:114,0
DA:116,0
DA:117,0
DA:120,0
DA:124,0
DA:125,0
DA:126,0
LF:51
LH:10
FN:22,53,is_retryable_error
FNDA:0,is_retryable_error
FN:56,126,with_retry
FNDA:0,with_retry
FNF:2
FNH:0
end_of_record
SF:src/investigator_agent/system_prompt.py
DA:3,1
LF:1
LH:1
end_of_record
SF:src/investigator_agent/tools/__init__.py
DA:3,1
DA:10,1
DA:16,1
DA:21,1
DA:22,1
DA:29,1
LF:6
LH:6
end_of_record
SF:src/investigator_agent/tools/analysis.py
DA:3,1
DA:4,1
DA:5,1
DA:7,1
DA:11,1
DA:19,1
DA:25,1
DA:28,1
DA:41,0
DA:42,0
DA:43,0
DA:44,0
DA:46,0
DA:52,1
DA:82,0
DA:83,0
DA:89,0
DA:92,0
DA:93,0
DA:96,0
DA:97,0
DA:103,0
DA:104,0
DA:106,0
DA:110,1
LF:25
LH:10
FN:28,49,get_analysis_category
FNDA:0,get_analysis_category
FN:52,106,get_analysis
FNDA:0,get_analysis
FNF:2
FNH:0
end_of_record
SF:src/investigator_agent/tools/docs.py
DA:3,1
DA:4,1
DA:5,1
DA:7,1
DA:10,1
DA:33,0
DA:36,0
DA:39,0
DA:40,0
DA:46,0
DA:47,0
DA:48,0
DA:49,0
DA:58,0
DA:62,1
DA:74,1
DA:91,0
DA:94,0
DA:95,0
DA:96,0
DA:97,0
DA:102,0
DA:103,0
DA:109,0
DA:110,0
DA:112,0
DA:116,1
LF:27
LH:8
FN:10,58,list_docs
FNDA:0,list_docs
FN:74,112,read_doc
FNDA:0,read_doc
FNF:2
FNH:0
end_of_record
SF:src/investigator_agent/tools/jira.py
DA:3,1
DA:4,1
DA:5,1
DA:9,1
DA:17,1
DA:30,0
DA:31,0
DA:32,0
DA:36,0
DA:39,1
DA:59,0
DA:61,0
DA:62,0
DA:67,0
DA:68,0
DA:70,0
DA:74,1
LF:17
LH:7
FN:17,36,get_folder_by_feature_id
FNDA:0,get_folder_by_feature_id
FN:39,70,get_jira_data
FNDA:0,get_jira_data
FNF:2
FNH:0
end_of_record
SF:src/investigator_agent/tools/registry.py
DA:3,1
DA:4,1
DA:6,1
DA:7,1
DA:10,1
DA:13,1
DA:15,0
DA:16,0
DA:18,1
DA:34,0
DA:40,0
DA:42,1
DA:52,0
DA:53,0
DA:54,0
DA:55,0
DA:58,0
DA:59,0
DA:60,0
DA:61,0
DA:68,0
DA:73,0
DA:75,0
DA:78,0
DA:79,0
DA:81,0
DA:83,0
DA:84,0
DA:86,0
DA:93,0
DA:94,0
DA:95,0
DA:96,0
DA:98,0
DA:105,1
DA:107,0
DA:109,1
DA:116,0
DA:118,1
DA:125,0
DA:127,1
DA:129,0
DA:131,1
DA:133,0
LF:44
LH:13
FN:13,16,ToolRegistry.__init__
FNDA:0,ToolRegistry.__init__
FN:18,40,ToolRegistry.register
FNDA:0,ToolRegistry.register
FN:42,103,ToolRegistry.execute
FNDA:0,ToolRegistry.execute
FN:105,107,ToolRegistry.get_definitions
FNDA:0,ToolRegistry.get_definitions
FN:109,116,ToolRegistry.get_tool_definitions
FNDA:0,ToolRegistry.get_tool_definitions
FN:118,125,ToolRegistry.format_for_anthropic
FNDA:0,ToolRegistry.format_for_anthropic
FN:127,129,ToolRegistry.has_tool
FNDA:0,ToolRegistry.has_tool
FN:131,133,ToolRegistry.get_tool_names
FNDA:0,ToolRegistry.get_tool_names
FNF:8
FNH:0
end_of_record
SF:src/investigator_agent/tools/release_tools.py
DA:3,1
DA:4,1
DA:5,1
DA:6,1
DA:7,1
DA:11,1
DA:45,1
DA:59,0
DA:60,0
DA:65,0
DA:69,1
DA:81,1
DA:99,0
DA:100,0
DA:101,0
DA:106,0
DA:107,0
DA:116,0
DA:117,0
DA:119,0
DA:120,0
DA:121,0
DA:123,0
DA:127,1
LF:24
LH:10
FN:45,65,get_release_summary
FNDA:0,get_release_summary
FN:81,123,file_risk_report
FNDA:0,file_risk_report
FNF:2
FNH:0
end_of_record
