SF:agent.py
DA:3,1
DA:4,1
DA:5,1
DA:6,1
DA:9,1
DA:12,1
DA:14,0
DA:15,0
DA:16,0
DA:18,1
DA:29,0
DA:30,0
DA:31,0
DA:32,0
DA:33,0
DA:34,0
DA:36,1
DA:38,0
DA:39,0
DA:40,0
DA:42,1
DA:44,0
DA:46,1
DA:48,0
DA:49,0
LF:25
LH:10
FN:12,16,Agent.__init__
FNDA:0,Agent.__init__
FN:18,34,Agent.send_message
FNDA:0,Agent.send_message
FN:36,40,Agent.new_conversation
FNDA:0,Agent.new_conversation
FN:42,44,Agent.load_conversation
FNDA:0,Agent.load_conversation
FN:46,49,Agent.list_conversations
FNDA:0,Agent.list_conversations
FNF:5
FNH:0
end_of_record
SF:cli.py
DA:3,0
DA:5,0
DA:6,0
DA:7,0
DA:8,0
DA:11,0
DA:13,0
DA:14,0
DA:15,0
DA:16,0
DA:18,0
DA:19,0
DA:20,0
DA:21,0
DA:24,0
DA:26,0
DA:27,0
DA:28,0
DA:29,0
DA:30,0
DA:31,0
DA:32,0
DA:33,0
DA:34,0
DA:35,0
DA:36,0
DA:38,0
DA:39,0
DA:41,0
DA:43,0
DA:44,0
DA:45,0
DA:46,0
DA:47,0
DA:48,0
DA:49,0
DA:50,0
DA:52,0
DA:53,0
DA:55,0
DA:56,0
DA:57,0
DA:58,0
DA:59,0
DA:62,0
DA:64,0
DA:65,0
DA:66,0
DA:67,0
DA:68,0
DA:70,0
DA:71,0
DA:72,0
DA:74,0
DA:75,0
DA:76,0
DA:77,0
DA:78,0
DA:79,0
DA:81,0
DA:82,0
DA:83,0
DA:84,0
DA:85,0
DA:87,0
LF:65
LH:0
FN:11,21,print_conversations
FNDA:0,print_conversations
FN:24,59,run_conversation
FNDA:0,run_conversation
FN:62,87,main
FNDA:0,main
FNF:3
FNH:0
end_of_record
SF:models/config.py
DA:3,1
DA:4,1
DA:5,1
DA:8,1
DA:9,1
DA:12,1
DA:13,1
DA:14,1
DA:15,1
DA:17,1
DA:18,1
DA:20,0
DA:21,0
DA:22,0
DA:24,0
LF:15
LH:11
FN:18,29,Config.from_env
FNDA:0,Config.from_env
FNF:1
FNH:0
end_of_record
SF:models/message.py
DA:3,1
DA:4,1
DA:5,1
DA:8,1
DA:9,1
DA:12,1
DA:13,1
DA:14,1
DA:16,1
DA:18,0
DA:21,1
DA:22,1
DA:25,1
DA:26,1
DA:27,1
DA:28,1
DA:30,1
DA:32,0
DA:33,0
DA:35,1
DA:37,0
LF:21
LH:17
FN:16,18,Message.to_dict
FNDA:0,Message.to_dict
FN:30,33,Conversation.add_message
FNDA:0,Conversation.add_message
FN:35,37,Conversation.to_api_format
FNDA:0,Conversation.to_api_format
FNF:3
FNH:0
end_of_record
SF:persistence/store.py
DA:3,1
DA:4,1
DA:5,1
DA:6,1
DA:8,1
DA:11,1
DA:14,1
DA:16,0
DA:17,0
DA:19,1
DA:21,0
DA:22,0
DA:35,0
DA:37,1
DA:39,0
DA:40,0
DA:41,0
DA:43,0
DA:44,0
DA:53,0
DA:60,1
DA:62,0
DA:63,0
DA:64,0
DA:65,0
DA:68,0
DA:70,1
DA:72,0
LF:28
LH:11
FN:14,17,ConversationStore.__init__
FNDA:0,ConversationStore.__init__
FN:19,35,ConversationStore.save
FNDA:0,ConversationStore.save
FN:37,58,ConversationStore.load
FNDA:0,ConversationStore.load
FN:60,68,ConversationStore.list_conversations
FNDA:0,ConversationStore.list_conversations
FN:70,72,ConversationStore.create_conversation
FNDA:0,ConversationStore.create_conversation
FNF:5
FNH:0
end_of_record
SF:providers/anthropic.py
DA:3,1
DA:5,1
DA:8,1
DA:11,1
DA:13,0
DA:14,0
DA:16,1
DA:18,0
DA:21,0
LF:9
LH:5
FN:11,14,AnthropicProvider.__init__
FNDA:0,AnthropicProvider.__init__
FN:16,21,AnthropicProvider.send_message
FNDA:0,AnthropicProvider.send_message
FNF:2
FNH:0
end_of_record
SF:providers/base.py
DA:3,1
DA:6,1
LF:2
LH:2
FN:10,21,BaseProvider.send_message
FNDA:0,BaseProvider.send_message
FNF:1
FNH:0
end_of_record
SF:src/detective_agent/__init__.py
end_of_record
SF:src/detective_agent/context/__init__.py
end_of_record
SF:src/detective_agent/evaluation/__init__.py
end_of_record
SF:src/detective_agent/models/__init__.py
end_of_record
SF:src/detective_agent/observability/__init__.py
end_of_record
SF:src/detective_agent/persistence/__init__.py
end_of_record
SF:src/detective_agent/providers/__init__.py
end_of_record
SF:src/detective_agent/retry/__init__.py
end_of_record
SF:src/detective_agent/tools/__init__.py
end_of_record
