SF:src/detective_agent/__init__.py
DA:11,1
DA:12,1
DA:13,1
DA:14,1
DA:15,1
DA:16,1
DA:17,1
DA:18,1
DA:19,1
DA:20,1
DA:22,1
DA:24,1
LF:12
LH:12
end_of_record
SF:src/detective_agent/agent.py
DA:3,1
DA:4,1
DA:5,1
DA:6,1
DA:7,1
DA:8,1
DA:9,1
DA:12,1
DA:15,1
DA:23,0
DA:24,0
DA:25,0
DA:26,0
DA:27,0
DA:28,0
DA:30,1
DA:41,0
DA:42,0
DA:43,0
DA:45,0
DA:48,0
DA:49,0
DA:52,0
DA:53,0
DA:54,0
DA:55,0
DA:58,0
DA:59,0
DA:61,0
DA:62,0
DA:63,0
DA:66,0
DA:71,0
DA:72,0
DA:73,0
DA:74,0
DA:75,0
DA:80,0
DA:81,0
DA:86,0
DA:87,0
DA:90,0
DA:91,0
DA:92,0
DA:94,0
DA:95,0
DA:96,0
DA:98,0
DA:99,0
DA:103,0
DA:104,0
DA:105,0
DA:106,0
DA:107,0
DA:108,0
DA:109,0
DA:116,0
DA:119,0
DA:120,0
DA:121,0
DA:123,0
DA:124,0
DA:127,0
DA:128,0
DA:130,0
DA:135,0
DA:140,0
DA:141,0
DA:145,1
DA:147,0
DA:148,0
DA:149,0
DA:150,0
DA:151,0
DA:153,1
DA:155,0
DA:157,1
DA:159,0
DA:160,0
LF:79
LH:13
FN:15,28,Agent.__init__
FNDA:0,Agent.__init__
FN:30,143,Agent.send_message
FNDA:0,Agent.send_message
FN:145,151,Agent.new_conversation
FNDA:0,Agent.new_conversation
FN:153,155,Agent.load_conversation
FNDA:0,Agent.load_conversation
FN:157,160,Agent.list_conversations
FNDA:0,Agent.list_conversations
FNF:5
FNH:0
end_of_record
SF:src/detective_agent/config.py
DA:8,1
DA:9,1
DA:10,1
DA:12,1
DA:15,1
DA:16,1
DA:19,1
DA:20,1
DA:21,1
DA:22,1
DA:23,1
DA:26,1
DA:27,1
DA:30,1
DA:31,1
DA:32,1
DA:33,1
DA:34,1
DA:35,1
DA:36,1
DA:38,1
DA:39,1
DA:41,0
DA:42,0
DA:43,0
DA:45,0
LF:26
LH:22
FN:39,53,Config.from_env
FNDA:0,Config.from_env
FNF:1
FNH:0
end_of_record
SF:src/detective_agent/context/__init__.py
DA:3,1
DA:5,1
LF:2
LH:2
end_of_record
SF:src/detective_agent/context/manager.py
DA:3,1
DA:6,1
DA:9,1
DA:16,0
DA:18,1
DA:28,0
DA:29,0
DA:32,0
DA:33,0
DA:35,1
DA:45,0
LF:11
LH:5
FN:9,16,ContextManager.__init__
FNDA:0,ContextManager.__init__
FN:18,33,ContextManager.truncate_messages
FNDA:0,ContextManager.truncate_messages
FN:35,50,ContextManager.get_context_info
FNDA:0,ContextManager.get_context_info
FNF:3
FNH:0
end_of_record
SF:src/detective_agent/models.py
DA:3,1
DA:5,1
DA:6,1
DA:7,1
DA:10,1
DA:11,1
DA:19,1
DA:20,1
DA:21,1
DA:23,1
DA:25,0
DA:27,1
DA:33,0
DA:34,0
DA:37,0
DA:38,0
DA:39,0
DA:40,0
DA:41,0
DA:42,0
DA:44,0
DA:46,0
DA:49,1
DA:50,1
DA:53,1
DA:54,1
DA:55,1
DA:56,1
DA:57,1
DA:59,1
DA:68,0
DA:69,0
DA:71,1
DA:77,0
DA:78,0
DA:79,0
DA:88,0
DA:90,1
DA:92,0
DA:98,1
DA:99,1
DA:102,1
DA:103,1
DA:104,1
DA:105,1
DA:107,1
DA:109,0
DA:116,1
DA:117,1
DA:120,1
DA:121,1
DA:122,1
DA:123,1
DA:125,1
DA:127,0
DA:135,1
DA:136,1
DA:139,1
DA:140,1
DA:141,1
DA:142,1
DA:143,1
DA:145,1
DA:147,0
LF:64
LH:43
FN:23,25,Message.to_dict
FNDA:0,Message.to_dict
FN:27,46,Message.get_text_content
FNDA:0,Message.get_text_content
FN:59,69,Conversation.add_message
FNDA:0,Conversation.add_message
FN:71,88,Conversation.add_tool_result_message
FNDA:0,Conversation.add_tool_result_message
FN:90,92,Conversation.to_api_format
FNDA:0,Conversation.to_api_format
FN:107,113,ToolDefinition.to_anthropic_format
FNDA:0,ToolDefinition.to_anthropic_format
FN:125,132,ToolCall.to_dict
FNDA:0,ToolCall.to_dict
FN:145,153,ToolResult.to_dict
FNDA:0,ToolResult.to_dict
FNF:8
FNH:0
end_of_record
SF:src/detective_agent/observability/__init__.py
DA:3,1
DA:4,1
DA:6,1
LF:3
LH:3
end_of_record
SF:src/detective_agent/observability/exporter.py
DA:3,1
DA:4,1
DA:5,1
DA:7,1
DA:8,1
DA:11,1
DA:14,1
DA:16,0
DA:17,0
DA:18,0
DA:20,1
DA:22,0
DA:23,0
DA:24,0
DA:25,0
DA:39,0
DA:40,0
DA:41,0
DA:43,0
DA:44,0
DA:45,0
DA:46,0
DA:48,1
DA:50,0
DA:51,0
DA:52,0
DA:55,0
DA:56,0
DA:57,0
DA:60,0
DA:61,0
DA:63,0
DA:64,0
DA:65,0
DA:66,0
DA:67,0
DA:69,1
DA:71,0
LF:38
LH:10
FN:14,18,FileSpanExporter.__init__
FNDA:0,FileSpanExporter.__init__
FN:20,46,FileSpanExporter.export
FNDA:0,FileSpanExporter.export
FN:48,67,FileSpanExporter.force_flush
FNDA:0,FileSpanExporter.force_flush
FN:69,71,FileSpanExporter.shutdown
FNDA:0,FileSpanExporter.shutdown
FNF:4
FNH:0
end_of_record
SF:src/detective_agent/observability/tracer.py
DA:3,1
DA:5,1
DA:6,1
DA:7,1
DA:9,1
DA:11,1
DA:12,1
DA:15,1
DA:19,0
DA:20,0
DA:21,0
DA:22,0
DA:23,0
DA:24,0
DA:27,1
DA:29,0
DA:30,0
DA:31,0
DA:34,1
DA:36,0
DA:37,0
DA:38,0
DA:39,0
DA:42,1
DA:44,0
DA:45,0
LF:26
LH:11
FN:15,24,setup_tracer
FNDA:0,setup_tracer
FN:27,31,get_tracer
FNDA:0,get_tracer
FN:34,39,get_trace_id
FNDA:0,get_trace_id
FN:42,45,flush_traces
FNDA:0,flush_traces
FNF:4
FNH:0
end_of_record
SF:src/detective_agent/persistence/__init__.py
DA:3,1
DA:5,1
LF:2
LH:2
end_of_record
SF:src/detective_agent/persistence/store.py
DA:3,1
DA:4,1
DA:5,1
DA:6,1
DA:8,1
DA:9,1
DA:12,1
DA:15,1
DA:17,0
DA:18,0
DA:20,1
DA:22,0
DA:23,0
DA:37,0
DA:40,0
DA:42,1
DA:44,0
DA:45,0
DA:46,0
DA:48,0
DA:49,0
DA:58,0
DA:66,1
DA:68,0
DA:69,0
DA:70,0
DA:71,0
DA:74,0
DA:76,1
DA:78,0
LF:30
LH:12
FN:15,18,ConversationStore.__init__
FNDA:0,ConversationStore.__init__
FN:20,40,ConversationStore.save
FNDA:0,ConversationStore.save
FN:42,64,ConversationStore.load
FNDA:0,ConversationStore.load
FN:66,74,ConversationStore.list_conversations
FNDA:0,ConversationStore.list_conversations
FN:76,78,ConversationStore.create_conversation
FNDA:0,ConversationStore.create_conversation
FNF:5
FNH:0
end_of_record
SF:src/detective_agent/providers/__init__.py
DA:3,1
DA:4,1
DA:6,1
LF:3
LH:3
end_of_record
SF:src/detective_agent/providers/anthropic.py
DA:3,1
DA:4,1
DA:6,1
DA:7,1
DA:9,1
DA:10,1
DA:11,1
DA:12,1
DA:13,1
DA:16,1
DA:19,1
DA:21,0
DA:22,0
DA:23,0
DA:24,0
DA:26,1
DA:44,0
DA:45,0
DA:46,0
DA:47,0
DA:48,0
DA:49,0
DA:50,0
DA:51,0
DA:53,0
DA:55,0
DA:58,0
DA:63,0
DA:64,0
DA:65,0
DA:66,0
DA:68,0
DA:69,0
DA:71,0
DA:72,0
DA:73,0
DA:74,0
DA:77,0
DA:80,0
DA:82,0
DA:85,0
DA:89,1
DA:98,0
DA:100,0
DA:101,0
DA:102,0
DA:107,0
DA:109,0
DA:111,1
DA:120,0
DA:122,0
DA:123,0
DA:124,0
DA:126,0
LF:54
LH:14
FN:19,24,AnthropicProvider.__init__
FNDA:0,AnthropicProvider.__init__
FN:26,87,AnthropicProvider.send_message
FNDA:0,AnthropicProvider.send_message
FN:53,82,AnthropicProvider.send_message._make_api_call
FNDA:0,AnthropicProvider.send_message._make_api_call
FN:89,109,AnthropicProvider.extract_tool_calls
FNDA:0,AnthropicProvider.extract_tool_calls
FN:111,126,AnthropicProvider.get_text_content
FNDA:0,AnthropicProvider.get_text_content
FNF:5
FNH:0
end_of_record
SF:src/detective_agent/providers/base.py
DA:3,1
DA:4,1
DA:6,1
DA:9,1
LF:4
LH:4
FN:13,32,BaseProvider.send_message
FNDA:0,BaseProvider.send_message
FN:35,45,BaseProvider.extract_tool_calls
FNDA:0,BaseProvider.extract_tool_calls
FN:48,58,BaseProvider.get_text_content
FNDA:0,BaseProvider.get_text_content
FNF:3
FNH:0
end_of_record
SF:src/detective_agent/retry/__init__.py
DA:3,1
DA:4,1
DA:6,1
LF:3
LH:3
end_of_record
SF:src/detective_agent/retry/strategy.py
DA:8,1
DA:9,1
DA:10,1
DA:12,1
DA:13,1
DA:15,1
DA:16,1
DA:19,1
DA:22,1
DA:38,0
DA:39,0
DA:41,0
DA:42,0
DA:44,0
DA:45,0
DA:46,0
DA:49,0
DA:50,0
DA:53,0
DA:56,1
DA:75,0
DA:76,0
DA:78,0
DA:79,0
DA:81,0
DA:82,0
DA:84,0
DA:85,0
DA:88,0
DA:91,0
DA:92,0
DA:93,0
DA:94,0
DA:95,0
DA:96,0
DA:99,0
DA:100,0
DA:101,0
DA:104,0
DA:105,0
DA:106,0
DA:109,0
DA:110,0
DA:113,0
DA:114,0
DA:116,0
DA:117,0
DA:120,0
DA:124,0
DA:125,0
DA:126,0
LF:51
LH:10
FN:22,53,is_retryable_error
FNDA:0,is_retryable_error
FN:56,126,with_retry
FNDA:0,with_retry
FNF:2
FNH:0
end_of_record
SF:src/detective_agent/system_prompt.py
DA:3,1
LF:1
LH:1
end_of_record
SF:src/detective_agent/tools/__init__.py
DA:3,1
DA:4,1
DA:11,1
LF:3
LH:3
end_of_record
SF:src/detective_agent/tools/registry.py
DA:3,1
DA:4,1
DA:6,1
DA:7,1
DA:10,1
DA:13,1
DA:15,0
DA:16,0
DA:18,1
DA:34,0
DA:40,0
DA:42,1
DA:52,0
DA:53,0
DA:54,0
DA:55,0
DA:58,0
DA:59,0
DA:60,0
DA:61,0
DA:68,0
DA:73,0
DA:75,0
DA:78,0
DA:79,0
DA:81,0
DA:83,0
DA:84,0
DA:86,0
DA:93,0
DA:94,0
DA:95,0
DA:96,0
DA:98,0
DA:105,1
DA:107,0
DA:109,1
DA:116,0
DA:118,1
DA:125,0
DA:127,1
DA:129,0
DA:131,1
DA:133,0
LF:44
LH:13
FN:13,16,ToolRegistry.__init__
FNDA:0,ToolRegistry.__init__
FN:18,40,ToolRegistry.register
FNDA:0,ToolRegistry.register
FN:42,103,ToolRegistry.execute
FNDA:0,ToolRegistry.execute
FN:105,107,ToolRegistry.get_definitions
FNDA:0,ToolRegistry.get_definitions
FN:109,116,ToolRegistry.get_tool_definitions
FNDA:0,ToolRegistry.get_tool_definitions
FN:118,125,ToolRegistry.format_for_anthropic
FNDA:0,ToolRegistry.format_for_anthropic
FN:127,129,ToolRegistry.has_tool
FNDA:0,ToolRegistry.has_tool
FN:131,133,ToolRegistry.get_tool_names
FNDA:0,ToolRegistry.get_tool_names
FNF:8
FNH:0
end_of_record
SF:src/detective_agent/tools/release_tools.py
DA:3,1
DA:4,1
DA:5,1
DA:6,1
DA:7,1
DA:11,1
DA:45,1
DA:59,0
DA:60,0
DA:65,0
DA:69,1
DA:81,1
DA:99,0
DA:100,0
DA:101,0
DA:106,0
DA:107,0
DA:116,0
DA:117,0
DA:119,0
DA:120,0
DA:121,0
DA:123,0
DA:127,1
LF:24
LH:10
FN:45,65,get_release_summary
FNDA:0,get_release_summary
FN:81,123,file_risk_report
FNDA:0,file_risk_report
FNF:2
FNH:0
end_of_record
